<?xml version="1.0" encoding="UTF-8"?>
<!-- Generated by org.testng.reporters.JUnitReportReporter -->
<testsuite hostname="ASUS-MS" failures="0" tests="1" name="vaporstream.Perzona.Test02_SignIn" time="15.368" errors="0" timestamp="2023-09-07T14:41:54 ART" skipped="0">
  <testcase classname="vaporstream.Perzona.Test02_SignIn" name="SignInTest" time="15.368"/>
</testsuite> <!-- vaporstream.Perzona.Test02_SignIn -->
