<?xml version="1.0" encoding="UTF-8"?>
<!-- Generated by org.testng.reporters.JUnitReportReporter -->
<testsuite hostname="ASUS-MS" failures="0" tests="1" name="vaporstream.Perzona.Test01_SignUp" time="43.080" errors="0" timestamp="2023-09-07T14:41:54 ART" skipped="0">
  <testcase classname="vaporstream.Perzona.Test01_SignUp" name="SignUpTest" time="43.080"/>
</testsuite> <!-- vaporstream.Perzona.Test01_SignUp -->
