<?xml version="1.0" encoding="UTF-8"?>
<!-- Generated by org.testng.reporters.JUnitReportReporter -->
<testsuite hostname="ASUS-MS" failures="0" tests="1" name="vaporstream.Perzona.Test02_SignIn" time="17.891" errors="0" timestamp="2023-09-22T08:25:08 ART" skipped="0">
  <testcase classname="vaporstream.Perzona.Test02_SignIn" name="SignInTest" time="17.891"/>
</testsuite> <!-- vaporstream.Perzona.Test02_SignIn -->
