<?xml version="1.0" encoding="UTF-8"?>
<!-- Generated by org.testng.reporters.JUnitReportReporter -->
<testsuite hostname="ASUS-MS" failures="0" tests="1" name="vaporstream.Perzona.Test01_SignUp" time="81.167" errors="0" timestamp="2023-09-21T22:58:24 ART" skipped="0">
  <testcase classname="vaporstream.Perzona.Test01_SignUp" name="SignUpTest" time="81.167"/>
</testsuite> <!-- vaporstream.Perzona.Test01_SignUp -->
